2023-05-08 01:11:34 error: uncaughtException: Cannot read properties of null (reading '1')
TypeError: Cannot read properties of null (reading '1')
    at Query.run (D:\watch+\moviesapp-node\node_modules\sequelize\src\dialects\postgres\query.js:151:75)
    at processTicksAndRejections (node:internal/process/task_queues:95:5)
    at async D:\watch+\moviesapp-node\node_modules\sequelize\src\sequelize.js:650:16
    at async PostgresQueryInterface.showIndex (D:\watch+\moviesapp-node\node_modules\sequelize\src\dialects\abstract\query-interface.js:600:12)
    at async Function.sync (D:\watch+\moviesapp-node\node_modules\sequelize\src\model.js:1413:29)
    at async Sequelize.sync (D:\watch+\moviesapp-node\node_modules\sequelize\src\sequelize.js:825:9)
2023-05-08 01:18:02 error: uncaughtException: Cannot read properties of null (reading '1')
TypeError: Cannot read properties of null (reading '1')
    at Query.run (D:\watch+\moviesapp-node\node_modules\sequelize\src\dialects\postgres\query.js:151:75)
    at processTicksAndRejections (node:internal/process/task_queues:95:5)
    at async D:\watch+\moviesapp-node\node_modules\sequelize\src\sequelize.js:650:16
    at async PostgresQueryInterface.showIndex (D:\watch+\moviesapp-node\node_modules\sequelize\src\dialects\abstract\query-interface.js:600:12)
    at async Function.sync (D:\watch+\moviesapp-node\node_modules\sequelize\src\model.js:1413:29)
    at async Sequelize.sync (D:\watch+\moviesapp-node\node_modules\sequelize\src\sequelize.js:825:9)
2023-05-08 01:19:06 error: uncaughtException: Cannot read properties of null (reading '1')
TypeError: Cannot read properties of null (reading '1')
    at Query.run (D:\watch+\moviesapp-node\node_modules\sequelize\src\dialects\postgres\query.js:151:75)
    at processTicksAndRejections (node:internal/process/task_queues:95:5)
    at async D:\watch+\moviesapp-node\node_modules\sequelize\src\sequelize.js:650:16
    at async PostgresQueryInterface.showIndex (D:\watch+\moviesapp-node\node_modules\sequelize\src\dialects\abstract\query-interface.js:600:12)
    at async Function.sync (D:\watch+\moviesapp-node\node_modules\sequelize\src\model.js:1413:29)
    at async Sequelize.sync (D:\watch+\moviesapp-node\node_modules\sequelize\src\sequelize.js:825:9)
2023-05-08 01:20:28 error: uncaughtException: Cannot read properties of null (reading '1')
TypeError: Cannot read properties of null (reading '1')
    at Query.run (D:\watch+\moviesapp-node\node_modules\sequelize\src\dialects\postgres\query.js:151:75)
    at processTicksAndRejections (node:internal/process/task_queues:95:5)
    at async D:\watch+\moviesapp-node\node_modules\sequelize\src\sequelize.js:650:16
    at async PostgresQueryInterface.showIndex (D:\watch+\moviesapp-node\node_modules\sequelize\src\dialects\abstract\query-interface.js:600:12)
    at async Function.sync (D:\watch+\moviesapp-node\node_modules\sequelize\src\model.js:1413:29)
    at async Sequelize.sync (D:\watch+\moviesapp-node\node_modules\sequelize\src\sequelize.js:825:9)
2023-05-08 01:20:54 error: uncaughtException: Cannot read properties of null (reading '1')
TypeError: Cannot read properties of null (reading '1')
    at Query.run (D:\watch+\moviesapp-node\node_modules\sequelize\src\dialects\postgres\query.js:151:75)
    at processTicksAndRejections (node:internal/process/task_queues:95:5)
    at async D:\watch+\moviesapp-node\node_modules\sequelize\src\sequelize.js:650:16
    at async PostgresQueryInterface.showIndex (D:\watch+\moviesapp-node\node_modules\sequelize\src\dialects\abstract\query-interface.js:600:12)
    at async Function.sync (D:\watch+\moviesapp-node\node_modules\sequelize\src\model.js:1413:29)
    at async Sequelize.sync (D:\watch+\moviesapp-node\node_modules\sequelize\src\sequelize.js:825:9)
2023-05-08 01:21:24 error: uncaughtException: Cannot read properties of null (reading '1')
TypeError: Cannot read properties of null (reading '1')
    at Query.run (D:\watch+\moviesapp-node\node_modules\sequelize\src\dialects\postgres\query.js:151:75)
    at processTicksAndRejections (node:internal/process/task_queues:95:5)
    at async D:\watch+\moviesapp-node\node_modules\sequelize\src\sequelize.js:650:16
    at async PostgresQueryInterface.showIndex (D:\watch+\moviesapp-node\node_modules\sequelize\src\dialects\abstract\query-interface.js:600:12)
    at async Function.sync (D:\watch+\moviesapp-node\node_modules\sequelize\src\model.js:1413:29)
    at async Sequelize.sync (D:\watch+\moviesapp-node\node_modules\sequelize\src\sequelize.js:825:9)
2023-05-08 01:21:28 error: uncaughtException: Cannot read properties of null (reading '1')
TypeError: Cannot read properties of null (reading '1')
    at Query.run (D:\watch+\moviesapp-node\node_modules\sequelize\src\dialects\postgres\query.js:151:75)
    at processTicksAndRejections (node:internal/process/task_queues:95:5)
    at async D:\watch+\moviesapp-node\node_modules\sequelize\src\sequelize.js:650:16
    at async PostgresQueryInterface.showIndex (D:\watch+\moviesapp-node\node_modules\sequelize\src\dialects\abstract\query-interface.js:600:12)
    at async Function.sync (D:\watch+\moviesapp-node\node_modules\sequelize\src\model.js:1413:29)
    at async Sequelize.sync (D:\watch+\moviesapp-node\node_modules\sequelize\src\sequelize.js:825:9)
2023-05-08 01:23:02 error: uncaughtException: Cannot read properties of null (reading '1')
TypeError: Cannot read properties of null (reading '1')
    at Query.run (D:\watch+\moviesapp-node\node_modules\sequelize\src\dialects\postgres\query.js:151:75)
    at processTicksAndRejections (node:internal/process/task_queues:95:5)
    at async D:\watch+\moviesapp-node\node_modules\sequelize\src\sequelize.js:650:16
    at async PostgresQueryInterface.showIndex (D:\watch+\moviesapp-node\node_modules\sequelize\src\dialects\abstract\query-interface.js:600:12)
    at async Function.sync (D:\watch+\moviesapp-node\node_modules\sequelize\src\model.js:1413:29)
    at async Sequelize.sync (D:\watch+\moviesapp-node\node_modules\sequelize\src\sequelize.js:825:9)
2023-05-08 01:23:21 error: uncaughtException: Cannot read properties of null (reading '1')
TypeError: Cannot read properties of null (reading '1')
    at Query.run (D:\watch+\moviesapp-node\node_modules\sequelize\src\dialects\postgres\query.js:151:75)
    at processTicksAndRejections (node:internal/process/task_queues:95:5)
    at async D:\watch+\moviesapp-node\node_modules\sequelize\src\sequelize.js:650:16
    at async PostgresQueryInterface.showIndex (D:\watch+\moviesapp-node\node_modules\sequelize\src\dialects\abstract\query-interface.js:600:12)
    at async Function.sync (D:\watch+\moviesapp-node\node_modules\sequelize\src\model.js:1413:29)
    at async Sequelize.sync (D:\watch+\moviesapp-node\node_modules\sequelize\src\sequelize.js:825:9)
2023-05-08 01:44:16 error: uncaughtException: Route.post() requires a callback function but got a [object Undefined]
Error: Route.post() requires a callback function but got a [object Undefined]
    at Route.<computed> [as post] (D:\watch+\moviesapp-node\node_modules\express\lib\router\route.js:211:15)
    at Function.proto.<computed> [as post] (D:\watch+\moviesapp-node\node_modules\express\lib\router\index.js:521:19)
    at CategoryRoutes.initializeRoutes (D:\watch+\moviesapp-node\src\routes\category.routes.ts:15:17)
    at new CategoryRoutes (D:\watch+\moviesapp-node\src\routes\category.routes.ts:11:10)
    at Object.<anonymous> (D:\watch+\moviesapp-node\src\server.ts:35:3)
    at Module._compile (node:internal/modules/cjs/loader:1254:14)
    at Module.m._compile (D:\watch+\moviesapp-node\node_modules\ts-node\src\index.ts:1618:23)
    at Module._extensions..js (node:internal/modules/cjs/loader:1308:10)
    at Object.require.extensions.<computed> [as .ts] (D:\watch+\moviesapp-node\node_modules\ts-node\src\index.ts:1621:12)
    at Module.load (node:internal/modules/cjs/loader:1117:32)
2023-05-08 01:44:22 error: uncaughtException: Cannot read properties of null (reading '1')
TypeError: Cannot read properties of null (reading '1')
    at Query.run (D:\watch+\moviesapp-node\node_modules\sequelize\src\dialects\postgres\query.js:151:75)
    at processTicksAndRejections (node:internal/process/task_queues:95:5)
    at async D:\watch+\moviesapp-node\node_modules\sequelize\src\sequelize.js:650:16
    at async PostgresQueryInterface.showIndex (D:\watch+\moviesapp-node\node_modules\sequelize\src\dialects\abstract\query-interface.js:600:12)
    at async Function.sync (D:\watch+\moviesapp-node\node_modules\sequelize\src\model.js:1413:29)
    at async Sequelize.sync (D:\watch+\moviesapp-node\node_modules\sequelize\src\sequelize.js:825:9)
2023-05-08 01:52:49 error: uncaughtException: Cannot read properties of undefined (reading 'hasOne')
TypeError: Cannot read properties of undefined (reading 'hasOne')
    at Object.<anonymous> (D:\watch+\moviesapp-node\src\databases\index.ts:136:23)
    at Module._compile (node:internal/modules/cjs/loader:1254:14)
    at Module.m._compile (D:\watch+\moviesapp-node\node_modules\ts-node\src\index.ts:1618:23)
    at Module._extensions..js (node:internal/modules/cjs/loader:1308:10)
    at Object.require.extensions.<computed> [as .ts] (D:\watch+\moviesapp-node\node_modules\ts-node\src\index.ts:1621:12)
    at Module.load (node:internal/modules/cjs/loader:1117:32)
    at Function.Module._load (node:internal/modules/cjs/loader:958:12)
    at Module.require (node:internal/modules/cjs/loader:1141:19)
    at require (node:internal/modules/cjs/helpers:110:18)
    at Object.<anonymous> (D:\watch+\moviesapp-node\src\app.ts:11:1)
2023-05-08 01:53:07 error: uncaughtException: Cannot read properties of undefined (reading 'hasOne')
TypeError: Cannot read properties of undefined (reading 'hasOne')
    at Object.<anonymous> (D:\watch+\moviesapp-node\src\databases\index.ts:136:23)
    at Module._compile (node:internal/modules/cjs/loader:1254:14)
    at Module.m._compile (D:\watch+\moviesapp-node\node_modules\ts-node\src\index.ts:1618:23)
    at Module._extensions..js (node:internal/modules/cjs/loader:1308:10)
    at Object.require.extensions.<computed> [as .ts] (D:\watch+\moviesapp-node\node_modules\ts-node\src\index.ts:1621:12)
    at Module.load (node:internal/modules/cjs/loader:1117:32)
    at Function.Module._load (node:internal/modules/cjs/loader:958:12)
    at Module.require (node:internal/modules/cjs/loader:1141:19)
    at require (node:internal/modules/cjs/helpers:110:18)
    at Object.<anonymous> (D:\watch+\moviesapp-node\src\app.ts:11:1)
2023-05-08 01:57:07 error: uncaughtException: Cannot read properties of null (reading '1')
TypeError: Cannot read properties of null (reading '1')
    at Query.run (D:\watch+\moviesapp-node\node_modules\sequelize\src\dialects\postgres\query.js:151:75)
    at processTicksAndRejections (node:internal/process/task_queues:95:5)
    at async D:\watch+\moviesapp-node\node_modules\sequelize\src\sequelize.js:650:16
    at async PostgresQueryInterface.showIndex (D:\watch+\moviesapp-node\node_modules\sequelize\src\dialects\abstract\query-interface.js:600:12)
    at async Function.sync (D:\watch+\moviesapp-node\node_modules\sequelize\src\model.js:1413:29)
    at async Sequelize.sync (D:\watch+\moviesapp-node\node_modules\sequelize\src\sequelize.js:825:9)
2023-05-08 01:58:05 error: uncaughtException: Cannot read properties of null (reading '1')
TypeError: Cannot read properties of null (reading '1')
    at Query.run (D:\watch+\moviesapp-node\node_modules\sequelize\src\dialects\postgres\query.js:151:75)
    at processTicksAndRejections (node:internal/process/task_queues:95:5)
    at async D:\watch+\moviesapp-node\node_modules\sequelize\src\sequelize.js:650:16
    at async PostgresQueryInterface.showIndex (D:\watch+\moviesapp-node\node_modules\sequelize\src\dialects\abstract\query-interface.js:600:12)
    at async Function.sync (D:\watch+\moviesapp-node\node_modules\sequelize\src\model.js:1413:29)
    at async Sequelize.sync (D:\watch+\moviesapp-node\node_modules\sequelize\src\sequelize.js:825:9)
2023-05-08 01:59:23 error: uncaughtException: Cannot read properties of null (reading '1')
TypeError: Cannot read properties of null (reading '1')
    at Query.run (D:\watch+\moviesapp-node\node_modules\sequelize\src\dialects\postgres\query.js:151:75)
    at processTicksAndRejections (node:internal/process/task_queues:95:5)
    at async D:\watch+\moviesapp-node\node_modules\sequelize\src\sequelize.js:650:16
    at async PostgresQueryInterface.showIndex (D:\watch+\moviesapp-node\node_modules\sequelize\src\dialects\abstract\query-interface.js:600:12)
    at async Function.sync (D:\watch+\moviesapp-node\node_modules\sequelize\src\model.js:1413:29)
    at async Sequelize.sync (D:\watch+\moviesapp-node\node_modules\sequelize\src\sequelize.js:825:9)
2023-05-08 01:59:42 error: uncaughtException: Cannot read properties of null (reading '1')
TypeError: Cannot read properties of null (reading '1')
    at Query.run (D:\watch+\moviesapp-node\node_modules\sequelize\src\dialects\postgres\query.js:151:75)
    at processTicksAndRejections (node:internal/process/task_queues:95:5)
    at async D:\watch+\moviesapp-node\node_modules\sequelize\src\sequelize.js:650:16
    at async PostgresQueryInterface.showIndex (D:\watch+\moviesapp-node\node_modules\sequelize\src\dialects\abstract\query-interface.js:600:12)
    at async Function.sync (D:\watch+\moviesapp-node\node_modules\sequelize\src\model.js:1413:29)
    at async Sequelize.sync (D:\watch+\moviesapp-node\node_modules\sequelize\src\sequelize.js:825:9)
2023-05-08 02:00:49 error: uncaughtException: Unknown attribute "movies_series_id" passed as sourceKey, define this attribute on model "CategoryAssocModel" first
Error: Unknown attribute "movies_series_id" passed as sourceKey, define this attribute on model "CategoryAssocModel" first
    at new HasOne (D:\watch+\moviesapp-node\node_modules\sequelize\src\associations\has-one.js:55:13)
    at Function.<anonymous> (D:\watch+\moviesapp-node\node_modules\sequelize\src\associations\mixin.js:105:25)
    at Object.<anonymous> (D:\watch+\moviesapp-node\src\databases\index.ts:143:23)
    at Module._compile (node:internal/modules/cjs/loader:1254:14)
    at Module.m._compile (D:\watch+\moviesapp-node\node_modules\ts-node\src\index.ts:1618:23)
    at Module._extensions..js (node:internal/modules/cjs/loader:1308:10)
    at Object.require.extensions.<computed> [as .ts] (D:\watch+\moviesapp-node\node_modules\ts-node\src\index.ts:1621:12)
    at Module.load (node:internal/modules/cjs/loader:1117:32)
    at Function.Module._load (node:internal/modules/cjs/loader:958:12)
    at Module.require (node:internal/modules/cjs/loader:1141:19)
2023-05-08 02:00:56 error: uncaughtException: Unknown attribute "movies_series_id" passed as sourceKey, define this attribute on model "CategoryAssocModel" first
Error: Unknown attribute "movies_series_id" passed as sourceKey, define this attribute on model "CategoryAssocModel" first
    at new HasOne (D:\watch+\moviesapp-node\node_modules\sequelize\src\associations\has-one.js:55:13)
    at Function.<anonymous> (D:\watch+\moviesapp-node\node_modules\sequelize\src\associations\mixin.js:105:25)
    at Object.<anonymous> (D:\watch+\moviesapp-node\src\databases\index.ts:143:23)
    at Module._compile (node:internal/modules/cjs/loader:1254:14)
    at Module.m._compile (D:\watch+\moviesapp-node\node_modules\ts-node\src\index.ts:1618:23)
    at Module._extensions..js (node:internal/modules/cjs/loader:1308:10)
    at Object.require.extensions.<computed> [as .ts] (D:\watch+\moviesapp-node\node_modules\ts-node\src\index.ts:1621:12)
    at Module.load (node:internal/modules/cjs/loader:1117:32)
    at Function.Module._load (node:internal/modules/cjs/loader:958:12)
    at Module.require (node:internal/modules/cjs/loader:1141:19)
2023-05-08 02:01:38 error: uncaughtException: Unknown attribute "movies_series_id" passed as sourceKey, define this attribute on model "CategoryAssocModel" first
Error: Unknown attribute "movies_series_id" passed as sourceKey, define this attribute on model "CategoryAssocModel" first
    at new HasOne (D:\watch+\moviesapp-node\node_modules\sequelize\src\associations\has-one.js:55:13)
    at Function.<anonymous> (D:\watch+\moviesapp-node\node_modules\sequelize\src\associations\mixin.js:105:25)
    at Object.<anonymous> (D:\watch+\moviesapp-node\src\databases\index.ts:143:23)
    at Module._compile (node:internal/modules/cjs/loader:1254:14)
    at Module.m._compile (D:\watch+\moviesapp-node\node_modules\ts-node\src\index.ts:1618:23)
    at Module._extensions..js (node:internal/modules/cjs/loader:1308:10)
    at Object.require.extensions.<computed> [as .ts] (D:\watch+\moviesapp-node\node_modules\ts-node\src\index.ts:1621:12)
    at Module.load (node:internal/modules/cjs/loader:1117:32)
    at Function.Module._load (node:internal/modules/cjs/loader:958:12)
    at Module.require (node:internal/modules/cjs/loader:1141:19)
2023-05-08 02:02:25 error: uncaughtException: Cannot read properties of null (reading '1')
TypeError: Cannot read properties of null (reading '1')
    at Query.run (D:\watch+\moviesapp-node\node_modules\sequelize\src\dialects\postgres\query.js:151:75)
    at processTicksAndRejections (node:internal/process/task_queues:95:5)
    at async D:\watch+\moviesapp-node\node_modules\sequelize\src\sequelize.js:650:16
    at async PostgresQueryInterface.showIndex (D:\watch+\moviesapp-node\node_modules\sequelize\src\dialects\abstract\query-interface.js:600:12)
    at async Function.sync (D:\watch+\moviesapp-node\node_modules\sequelize\src\model.js:1413:29)
    at async Sequelize.sync (D:\watch+\moviesapp-node\node_modules\sequelize\src\sequelize.js:825:9)
2023-05-08 02:03:15 error: uncaughtException: Cannot read properties of null (reading '1')
TypeError: Cannot read properties of null (reading '1')
    at Query.run (D:\watch+\moviesapp-node\node_modules\sequelize\src\dialects\postgres\query.js:151:75)
    at processTicksAndRejections (node:internal/process/task_queues:95:5)
    at async D:\watch+\moviesapp-node\node_modules\sequelize\src\sequelize.js:650:16
    at async PostgresQueryInterface.showIndex (D:\watch+\moviesapp-node\node_modules\sequelize\src\dialects\abstract\query-interface.js:600:12)
    at async Function.sync (D:\watch+\moviesapp-node\node_modules\sequelize\src\model.js:1413:29)
    at async Sequelize.sync (D:\watch+\moviesapp-node\node_modules\sequelize\src\sequelize.js:825:9)
2023-05-08 02:04:22 error: uncaughtException: Cannot read properties of null (reading '1')
TypeError: Cannot read properties of null (reading '1')
    at Query.run (D:\watch+\moviesapp-node\node_modules\sequelize\src\dialects\postgres\query.js:151:75)
    at processTicksAndRejections (node:internal/process/task_queues:95:5)
    at async D:\watch+\moviesapp-node\node_modules\sequelize\src\sequelize.js:650:16
    at async PostgresQueryInterface.showIndex (D:\watch+\moviesapp-node\node_modules\sequelize\src\dialects\abstract\query-interface.js:600:12)
    at async Function.sync (D:\watch+\moviesapp-node\node_modules\sequelize\src\model.js:1413:29)
    at async Sequelize.sync (D:\watch+\moviesapp-node\node_modules\sequelize\src\sequelize.js:825:9)
2023-05-08 02:04:25 error: uncaughtException: column moviesDetails.movies_detail_id does not exist
Error
    at Query.run (D:\watch+\moviesapp-node\node_modules\sequelize\src\dialects\postgres\query.js:76:25)
    at D:\watch+\moviesapp-node\node_modules\sequelize\src\sequelize.js:650:28
    at processTicksAndRejections (node:internal/process/task_queues:95:5)
    at async PostgresQueryInterface.select (D:\watch+\moviesapp-node\node_modules\sequelize\src\dialects\abstract\query-interface.js:1001:12)
    at async Function.findAll (D:\watch+\moviesapp-node\node_modules\sequelize\src\model.js:1824:21)
    at async Function.getAll (D:\watch+\moviesapp-node\src\services\category\category.assoc.service.ts:27:12)
    at async getAllAssoc (D:\watch+\moviesapp-node\src\controllers\category.controller.ts:27:15)
2023-05-08 02:04:50 error: uncaughtException: column moviesDetails.movies_detail_id does not exist
Error
    at Query.run (D:\watch+\moviesapp-node\node_modules\sequelize\src\dialects\postgres\query.js:76:25)
    at D:\watch+\moviesapp-node\node_modules\sequelize\src\sequelize.js:650:28
    at processTicksAndRejections (node:internal/process/task_queues:95:5)
    at async PostgresQueryInterface.select (D:\watch+\moviesapp-node\node_modules\sequelize\src\dialects\abstract\query-interface.js:1001:12)
    at async Function.findAll (D:\watch+\moviesapp-node\node_modules\sequelize\src\model.js:1824:21)
    at async Function.getAll (D:\watch+\moviesapp-node\src\services\category\category.assoc.service.ts:27:12)
    at async getAllAssoc (D:\watch+\moviesapp-node\src\controllers\category.controller.ts:27:15)
2023-05-08 02:05:23 error: uncaughtException: column moviesDetails.movies_detail_id does not exist
Error
    at Query.run (D:\watch+\moviesapp-node\node_modules\sequelize\src\dialects\postgres\query.js:76:25)
    at D:\watch+\moviesapp-node\node_modules\sequelize\src\sequelize.js:650:28
    at processTicksAndRejections (node:internal/process/task_queues:95:5)
    at async PostgresQueryInterface.select (D:\watch+\moviesapp-node\node_modules\sequelize\src\dialects\abstract\query-interface.js:1001:12)
    at async Function.findAll (D:\watch+\moviesapp-node\node_modules\sequelize\src\model.js:1824:21)
    at async Function.getAll (D:\watch+\moviesapp-node\src\services\category\category.assoc.service.ts:27:12)
    at async getAllAssoc (D:\watch+\moviesapp-node\src\controllers\category.controller.ts:27:15)
2023-05-08 02:06:49 error: uncaughtException: Cannot read properties of null (reading '1')
TypeError: Cannot read properties of null (reading '1')
    at Query.run (D:\watch+\moviesapp-node\node_modules\sequelize\src\dialects\postgres\query.js:151:75)
    at processTicksAndRejections (node:internal/process/task_queues:95:5)
    at async D:\watch+\moviesapp-node\node_modules\sequelize\src\sequelize.js:650:16
    at async PostgresQueryInterface.showIndex (D:\watch+\moviesapp-node\node_modules\sequelize\src\dialects\abstract\query-interface.js:600:12)
    at async Function.sync (D:\watch+\moviesapp-node\node_modules\sequelize\src\model.js:1413:29)
    at async Sequelize.sync (D:\watch+\moviesapp-node\node_modules\sequelize\src\sequelize.js:825:9)
2023-05-08 02:07:02 error: uncaughtException: Cannot read properties of null (reading '1')
TypeError: Cannot read properties of null (reading '1')
    at Query.run (D:\watch+\moviesapp-node\node_modules\sequelize\src\dialects\postgres\query.js:151:75)
    at processTicksAndRejections (node:internal/process/task_queues:95:5)
    at async D:\watch+\moviesapp-node\node_modules\sequelize\src\sequelize.js:650:16
    at async PostgresQueryInterface.showIndex (D:\watch+\moviesapp-node\node_modules\sequelize\src\dialects\abstract\query-interface.js:600:12)
    at async Function.sync (D:\watch+\moviesapp-node\node_modules\sequelize\src\model.js:1413:29)
    at async Sequelize.sync (D:\watch+\moviesapp-node\node_modules\sequelize\src\sequelize.js:825:9)
2023-05-08 02:07:36 error: uncaughtException: Cannot read properties of null (reading '1')
TypeError: Cannot read properties of null (reading '1')
    at Query.run (D:\watch+\moviesapp-node\node_modules\sequelize\src\dialects\postgres\query.js:151:75)
    at processTicksAndRejections (node:internal/process/task_queues:95:5)
    at async D:\watch+\moviesapp-node\node_modules\sequelize\src\sequelize.js:650:16
    at async PostgresQueryInterface.showIndex (D:\watch+\moviesapp-node\node_modules\sequelize\src\dialects\abstract\query-interface.js:600:12)
    at async Function.sync (D:\watch+\moviesapp-node\node_modules\sequelize\src\model.js:1413:29)
    at async Sequelize.sync (D:\watch+\moviesapp-node\node_modules\sequelize\src\sequelize.js:825:9)
2023-05-08 02:08:29 error: uncaughtException: Cannot read properties of null (reading '1')
TypeError: Cannot read properties of null (reading '1')
    at Query.run (D:\watch+\moviesapp-node\node_modules\sequelize\src\dialects\postgres\query.js:151:75)
    at processTicksAndRejections (node:internal/process/task_queues:95:5)
    at async D:\watch+\moviesapp-node\node_modules\sequelize\src\sequelize.js:650:16
    at async PostgresQueryInterface.showIndex (D:\watch+\moviesapp-node\node_modules\sequelize\src\dialects\abstract\query-interface.js:600:12)
    at async Function.sync (D:\watch+\moviesapp-node\node_modules\sequelize\src\model.js:1413:29)
    at async Sequelize.sync (D:\watch+\moviesapp-node\node_modules\sequelize\src\sequelize.js:825:9)
2023-05-08 02:08:45 error: uncaughtException: Cannot read properties of null (reading '1')
TypeError: Cannot read properties of null (reading '1')
    at Query.run (D:\watch+\moviesapp-node\node_modules\sequelize\src\dialects\postgres\query.js:151:75)
    at processTicksAndRejections (node:internal/process/task_queues:95:5)
    at async D:\watch+\moviesapp-node\node_modules\sequelize\src\sequelize.js:650:16
    at async PostgresQueryInterface.showIndex (D:\watch+\moviesapp-node\node_modules\sequelize\src\dialects\abstract\query-interface.js:600:12)
    at async Function.sync (D:\watch+\moviesapp-node\node_modules\sequelize\src\model.js:1413:29)
    at async Sequelize.sync (D:\watch+\moviesapp-node\node_modules\sequelize\src\sequelize.js:825:9)
2023-05-08 02:09:25 error: uncaughtException: Cannot read properties of null (reading '1')
TypeError: Cannot read properties of null (reading '1')
    at Query.run (D:\watch+\moviesapp-node\node_modules\sequelize\src\dialects\postgres\query.js:151:75)
    at processTicksAndRejections (node:internal/process/task_queues:95:5)
    at async D:\watch+\moviesapp-node\node_modules\sequelize\src\sequelize.js:650:16
    at async PostgresQueryInterface.showIndex (D:\watch+\moviesapp-node\node_modules\sequelize\src\dialects\abstract\query-interface.js:600:12)
    at async Function.sync (D:\watch+\moviesapp-node\node_modules\sequelize\src\model.js:1413:29)
    at async Sequelize.sync (D:\watch+\moviesapp-node\node_modules\sequelize\src\sequelize.js:825:9)
2023-05-08 02:12:00 error: uncaughtException: Cannot read properties of null (reading '1')
TypeError: Cannot read properties of null (reading '1')
    at Query.run (D:\watch+\moviesapp-node\node_modules\sequelize\src\dialects\postgres\query.js:151:75)
    at processTicksAndRejections (node:internal/process/task_queues:95:5)
    at async D:\watch+\moviesapp-node\node_modules\sequelize\src\sequelize.js:650:16
    at async PostgresQueryInterface.showIndex (D:\watch+\moviesapp-node\node_modules\sequelize\src\dialects\abstract\query-interface.js:600:12)
    at async Function.sync (D:\watch+\moviesapp-node\node_modules\sequelize\src\model.js:1413:29)
    at async Sequelize.sync (D:\watch+\moviesapp-node\node_modules\sequelize\src\sequelize.js:825:9)
2023-05-08 02:13:10 error: uncaughtException: Cannot read properties of null (reading '1')
TypeError: Cannot read properties of null (reading '1')
    at Query.run (D:\watch+\moviesapp-node\node_modules\sequelize\src\dialects\postgres\query.js:151:75)
    at processTicksAndRejections (node:internal/process/task_queues:95:5)
    at async D:\watch+\moviesapp-node\node_modules\sequelize\src\sequelize.js:650:16
    at async PostgresQueryInterface.showIndex (D:\watch+\moviesapp-node\node_modules\sequelize\src\dialects\abstract\query-interface.js:600:12)
    at async Function.sync (D:\watch+\moviesapp-node\node_modules\sequelize\src\model.js:1413:29)
    at async Sequelize.sync (D:\watch+\moviesapp-node\node_modules\sequelize\src\sequelize.js:825:9)
2023-05-08 02:15:19 error: uncaughtException: Cannot read properties of null (reading '1')
TypeError: Cannot read properties of null (reading '1')
    at Query.run (D:\watch+\moviesapp-node\node_modules\sequelize\src\dialects\postgres\query.js:151:75)
    at processTicksAndRejections (node:internal/process/task_queues:95:5)
    at async D:\watch+\moviesapp-node\node_modules\sequelize\src\sequelize.js:650:16
    at async PostgresQueryInterface.showIndex (D:\watch+\moviesapp-node\node_modules\sequelize\src\dialects\abstract\query-interface.js:600:12)
    at async Function.sync (D:\watch+\moviesapp-node\node_modules\sequelize\src\model.js:1413:29)
    at async Sequelize.sync (D:\watch+\moviesapp-node\node_modules\sequelize\src\sequelize.js:825:9)
2023-05-08 02:15:32 error: uncaughtException: Cannot read properties of null (reading '1')
TypeError: Cannot read properties of null (reading '1')
    at Query.run (D:\watch+\moviesapp-node\node_modules\sequelize\src\dialects\postgres\query.js:151:75)
    at processTicksAndRejections (node:internal/process/task_queues:95:5)
    at async D:\watch+\moviesapp-node\node_modules\sequelize\src\sequelize.js:650:16
    at async PostgresQueryInterface.showIndex (D:\watch+\moviesapp-node\node_modules\sequelize\src\dialects\abstract\query-interface.js:600:12)
    at async Function.sync (D:\watch+\moviesapp-node\node_modules\sequelize\src\model.js:1413:29)
    at async Sequelize.sync (D:\watch+\moviesapp-node\node_modules\sequelize\src\sequelize.js:825:9)
2023-05-08 02:16:50 error: uncaughtException: Cannot read properties of null (reading '1')
TypeError: Cannot read properties of null (reading '1')
    at Query.run (D:\watch+\moviesapp-node\node_modules\sequelize\src\dialects\postgres\query.js:151:75)
    at processTicksAndRejections (node:internal/process/task_queues:95:5)
    at async D:\watch+\moviesapp-node\node_modules\sequelize\src\sequelize.js:650:16
    at async PostgresQueryInterface.showIndex (D:\watch+\moviesapp-node\node_modules\sequelize\src\dialects\abstract\query-interface.js:600:12)
    at async Function.sync (D:\watch+\moviesapp-node\node_modules\sequelize\src\model.js:1413:29)
    at async Sequelize.sync (D:\watch+\moviesapp-node\node_modules\sequelize\src\sequelize.js:825:9)
2023-05-08 02:17:09 error: uncaughtException: Cannot read properties of null (reading '1')
TypeError: Cannot read properties of null (reading '1')
    at Query.run (D:\watch+\moviesapp-node\node_modules\sequelize\src\dialects\postgres\query.js:151:75)
    at processTicksAndRejections (node:internal/process/task_queues:95:5)
    at async D:\watch+\moviesapp-node\node_modules\sequelize\src\sequelize.js:650:16
    at async PostgresQueryInterface.showIndex (D:\watch+\moviesapp-node\node_modules\sequelize\src\dialects\abstract\query-interface.js:600:12)
    at async Function.sync (D:\watch+\moviesapp-node\node_modules\sequelize\src\model.js:1413:29)
    at async Sequelize.sync (D:\watch+\moviesapp-node\node_modules\sequelize\src\sequelize.js:825:9)
2023-05-08 02:17:57 error: uncaughtException: Cannot read properties of null (reading '1')
TypeError: Cannot read properties of null (reading '1')
    at Query.run (D:\watch+\moviesapp-node\node_modules\sequelize\src\dialects\postgres\query.js:151:75)
    at processTicksAndRejections (node:internal/process/task_queues:95:5)
    at async D:\watch+\moviesapp-node\node_modules\sequelize\src\sequelize.js:650:16
    at async PostgresQueryInterface.showIndex (D:\watch+\moviesapp-node\node_modules\sequelize\src\dialects\abstract\query-interface.js:600:12)
    at async Function.sync (D:\watch+\moviesapp-node\node_modules\sequelize\src\model.js:1413:29)
    at async Sequelize.sync (D:\watch+\moviesapp-node\node_modules\sequelize\src\sequelize.js:825:9)
2023-05-08 02:18:23 error: uncaughtException: Cannot read properties of null (reading '1')
TypeError: Cannot read properties of null (reading '1')
    at Query.run (D:\watch+\moviesapp-node\node_modules\sequelize\src\dialects\postgres\query.js:151:75)
    at processTicksAndRejections (node:internal/process/task_queues:95:5)
    at async D:\watch+\moviesapp-node\node_modules\sequelize\src\sequelize.js:650:16
    at async PostgresQueryInterface.showIndex (D:\watch+\moviesapp-node\node_modules\sequelize\src\dialects\abstract\query-interface.js:600:12)
    at async Function.sync (D:\watch+\moviesapp-node\node_modules\sequelize\src\model.js:1413:29)
    at async Sequelize.sync (D:\watch+\moviesapp-node\node_modules\sequelize\src\sequelize.js:825:9)
2023-05-08 02:20:01 error: uncaughtException: Cannot read properties of null (reading '1')
TypeError: Cannot read properties of null (reading '1')
    at Query.run (D:\watch+\moviesapp-node\node_modules\sequelize\src\dialects\postgres\query.js:151:75)
    at processTicksAndRejections (node:internal/process/task_queues:95:5)
    at async D:\watch+\moviesapp-node\node_modules\sequelize\src\sequelize.js:650:16
    at async PostgresQueryInterface.showIndex (D:\watch+\moviesapp-node\node_modules\sequelize\src\dialects\abstract\query-interface.js:600:12)
    at async Function.sync (D:\watch+\moviesapp-node\node_modules\sequelize\src\model.js:1413:29)
    at async Sequelize.sync (D:\watch+\moviesapp-node\node_modules\sequelize\src\sequelize.js:825:9)
2023-05-08 02:20:11 error: uncaughtException: Cannot read properties of null (reading '1')
TypeError: Cannot read properties of null (reading '1')
    at Query.run (D:\watch+\moviesapp-node\node_modules\sequelize\src\dialects\postgres\query.js:151:75)
    at processTicksAndRejections (node:internal/process/task_queues:95:5)
    at async D:\watch+\moviesapp-node\node_modules\sequelize\src\sequelize.js:650:16
    at async PostgresQueryInterface.showIndex (D:\watch+\moviesapp-node\node_modules\sequelize\src\dialects\abstract\query-interface.js:600:12)
    at async Function.sync (D:\watch+\moviesapp-node\node_modules\sequelize\src\model.js:1413:29)
    at async Sequelize.sync (D:\watch+\moviesapp-node\node_modules\sequelize\src\sequelize.js:825:9)
2023-05-08 02:22:00 error: uncaughtException: Cannot read properties of null (reading '1')
TypeError: Cannot read properties of null (reading '1')
    at Query.run (D:\watch+\moviesapp-node\node_modules\sequelize\src\dialects\postgres\query.js:151:75)
    at processTicksAndRejections (node:internal/process/task_queues:95:5)
    at async D:\watch+\moviesapp-node\node_modules\sequelize\src\sequelize.js:650:16
    at async PostgresQueryInterface.showIndex (D:\watch+\moviesapp-node\node_modules\sequelize\src\dialects\abstract\query-interface.js:600:12)
    at async Function.sync (D:\watch+\moviesapp-node\node_modules\sequelize\src\model.js:1413:29)
    at async Sequelize.sync (D:\watch+\moviesapp-node\node_modules\sequelize\src\sequelize.js:825:9)
2023-05-08 02:22:38 error: uncaughtException: Cannot read properties of null (reading '1')
TypeError: Cannot read properties of null (reading '1')
    at Query.run (D:\watch+\moviesapp-node\node_modules\sequelize\src\dialects\postgres\query.js:151:75)
    at processTicksAndRejections (node:internal/process/task_queues:95:5)
    at async D:\watch+\moviesapp-node\node_modules\sequelize\src\sequelize.js:650:16
    at async PostgresQueryInterface.showIndex (D:\watch+\moviesapp-node\node_modules\sequelize\src\dialects\abstract\query-interface.js:600:12)
    at async Function.sync (D:\watch+\moviesapp-node\node_modules\sequelize\src\model.js:1413:29)
    at async Sequelize.sync (D:\watch+\moviesapp-node\node_modules\sequelize\src\sequelize.js:825:9)
2023-05-08 02:23:01 error: uncaughtException: Cannot read properties of null (reading '1')
TypeError: Cannot read properties of null (reading '1')
    at Query.run (D:\watch+\moviesapp-node\node_modules\sequelize\src\dialects\postgres\query.js:151:75)
    at processTicksAndRejections (node:internal/process/task_queues:95:5)
    at async D:\watch+\moviesapp-node\node_modules\sequelize\src\sequelize.js:650:16
    at async PostgresQueryInterface.showIndex (D:\watch+\moviesapp-node\node_modules\sequelize\src\dialects\abstract\query-interface.js:600:12)
    at async Function.sync (D:\watch+\moviesapp-node\node_modules\sequelize\src\model.js:1413:29)
    at async Sequelize.sync (D:\watch+\moviesapp-node\node_modules\sequelize\src\sequelize.js:825:9)
2023-05-08 02:23:20 error: uncaughtException: Cannot read properties of null (reading '1')
TypeError: Cannot read properties of null (reading '1')
    at Query.run (D:\watch+\moviesapp-node\node_modules\sequelize\src\dialects\postgres\query.js:151:75)
    at processTicksAndRejections (node:internal/process/task_queues:95:5)
    at async D:\watch+\moviesapp-node\node_modules\sequelize\src\sequelize.js:650:16
    at async PostgresQueryInterface.showIndex (D:\watch+\moviesapp-node\node_modules\sequelize\src\dialects\abstract\query-interface.js:600:12)
    at async Function.sync (D:\watch+\moviesapp-node\node_modules\sequelize\src\model.js:1413:29)
    at async Sequelize.sync (D:\watch+\moviesapp-node\node_modules\sequelize\src\sequelize.js:825:9)
