2023-05-13 15:20:26 error: uncaughtException: column "movie_series_id" of relation "movies_banner" contains null values
Error
    at Query.run (D:\watch+\moviesapp-node\node_modules\sequelize\src\dialects\postgres\query.js:76:25)
    at D:\watch+\moviesapp-node\node_modules\sequelize\src\sequelize.js:650:28
    at processTicksAndRejections (node:internal/process/task_queues:95:5)
    at async PostgresQueryInterface.addColumn (D:\watch+\moviesapp-node\node_modules\sequelize\src\dialects\abstract\query-interface.js:430:12)
    at async Function.sync (D:\watch+\moviesapp-node\node_modules\sequelize\src\model.js:1373:11)
2023-05-13 15:21:57 error: uncaughtException: insert or update on table "movies_banner" violates foreign key constraint "movies_banner_movie_id_fkey"
Error
    at Query.run (D:\watch+\moviesapp-node\node_modules\sequelize\src\dialects\postgres\query.js:76:25)
    at D:\watch+\moviesapp-node\node_modules\sequelize\src\sequelize.js:650:28
    at processTicksAndRejections (node:internal/process/task_queues:95:5)
    at async Function.sync (D:\watch+\moviesapp-node\node_modules\sequelize\src\model.js:1408:11)
2023-05-13 15:22:32 error: uncaughtException: insert or update on table "movies_banner" violates foreign key constraint "movies_banner_movie_id_fkey"
Error
    at Query.run (D:\watch+\moviesapp-node\node_modules\sequelize\src\dialects\postgres\query.js:76:25)
    at D:\watch+\moviesapp-node\node_modules\sequelize\src\sequelize.js:650:28
    at processTicksAndRejections (node:internal/process/task_queues:95:5)
    at async Function.sync (D:\watch+\moviesapp-node\node_modules\sequelize\src\model.js:1408:11)
2023-05-13 15:23:34 error: uncaughtException: insert or update on table "movies_banner" violates foreign key constraint "movies_banner_movie_id_fkey"
Error
    at Query.run (D:\watch+\moviesapp-node\node_modules\sequelize\src\dialects\postgres\query.js:76:25)
    at D:\watch+\moviesapp-node\node_modules\sequelize\src\sequelize.js:650:28
    at processTicksAndRejections (node:internal/process/task_queues:95:5)
    at async Function.sync (D:\watch+\moviesapp-node\node_modules\sequelize\src\model.js:1408:11)
2023-05-13 15:36:19 error: [POST] /movies/banner >> StatusCode:: 400, Message:: property movie_id should not exist, property banner_image should not exist, contentId must be a string, url must be an URL address
